2018-03-20 20:02:34.192  INFO 7556 --- [main] com.hank_01.edu.EduApplication           : Starting EduApplication on DESKTOP-AV05D6H with PID 7556 (F:\IdeaWorkSpace\edu\target\classes started by 10351 in F:\IdeaWorkSpace\edu)
2018-03-20 20:02:34.193  INFO 7556 --- [main] com.hank_01.edu.EduApplication           : No active profile set, falling back to default profiles: default
2018-03-20 20:02:34.255  INFO 7556 --- [main] ConfigServletWebServerApplicationContext : Refreshing org.springframework.boot.web.servlet.context.AnnotationConfigServletWebServerApplicationContext@2f67b837: startup date [Tue Mar 20 20:02:34 CST 2018]; root of context hierarchy
2018-03-20 20:02:35.410  INFO 7556 --- [main] o.s.b.w.embedded.tomcat.TomcatWebServer  : Tomcat initialized with port(s): 9999 (http)
2018-03-20 20:02:35.435  INFO 7556 --- [main] o.apache.catalina.core.StandardService   : Starting service [Tomcat]
2018-03-20 20:02:35.435  INFO 7556 --- [main] org.apache.catalina.core.StandardEngine  : Starting Servlet Engine: Apache Tomcat/8.5.28
2018-03-20 20:02:35.440  INFO 7556 --- [localhost-startStop-1] o.a.catalina.core.AprLifecycleListener   : The APR based Apache Tomcat Native library which allows optimal performance in production environments was not found on the java.library.path: [C:\Program Files\Java\jdk1.8.0_51\bin;C:\Windows\Sun\Java\bin;C:\Windows\system32;C:\Windows;C:\ProgramData\Oracle\Java\javapath;C:\Windows\system32;C:\Windows;C:\Windows\System32\Wbem;C:\Windows\System32\WindowsPowerShell\v1.0\;E:\Maven\apache-maven-3.5.2\bin;\Program Files\MySQL\MySQL Utilities 1.6\;C:\Program Files\Java\jdk1.8.0_51\bin;C:\Program Files\Java\jdk1.8.0_51\jre\bin;C:\Program Files\nodejs\;E:\Git\cmd;C:\Users\10351\AppData\Local\Microsoft\WindowsApps;C:\Users\10351\AppData\Roaming\npm;E:\Microsoft VS Code\bin;.]
2018-03-20 20:02:35.539  INFO 7556 --- [localhost-startStop-1] o.a.c.c.C.[Tomcat].[localhost].[/]       : Initializing Spring embedded WebApplicationContext
2018-03-20 20:02:35.539  INFO 7556 --- [localhost-startStop-1] o.s.web.context.ContextLoader            : Root WebApplicationContext: initialization completed in 1284 ms
2018-03-20 20:02:35.670  INFO 7556 --- [localhost-startStop-1] o.s.b.w.servlet.ServletRegistrationBean  : Servlet dispatcherServlet mapped to [/]
2018-03-20 20:02:35.676  INFO 7556 --- [localhost-startStop-1] o.s.b.w.servlet.FilterRegistrationBean   : Mapping filter: 'characterEncodingFilter' to: [/*]
2018-03-20 20:02:35.676  INFO 7556 --- [localhost-startStop-1] o.s.b.w.servlet.FilterRegistrationBean   : Mapping filter: 'hiddenHttpMethodFilter' to: [/*]
2018-03-20 20:02:35.676  INFO 7556 --- [localhost-startStop-1] o.s.b.w.servlet.FilterRegistrationBean   : Mapping filter: 'httpPutFormContentFilter' to: [/*]
2018-03-20 20:02:35.676  INFO 7556 --- [localhost-startStop-1] o.s.b.w.servlet.FilterRegistrationBean   : Mapping filter: 'requestContextFilter' to: [/*]
2018-03-20 20:02:36.312  INFO 7556 --- [main] s.w.s.m.m.a.RequestMappingHandlerAdapter : Looking for @ControllerAdvice: org.springframework.boot.web.servlet.context.AnnotationConfigServletWebServerApplicationContext@2f67b837: startup date [Tue Mar 20 20:02:34 CST 2018]; root of context hierarchy
2018-03-20 20:02:36.378  INFO 7556 --- [main] s.w.s.m.m.a.RequestMappingHandlerMapping : Mapped "{[/user/{id}],methods=[GET]}" onto public com.hank_01.edu.common.response.EduResponse com.hank_01.edu.controller.UserController.findUserByCondition(java.lang.Long,java.lang.String)
2018-03-20 20:02:36.379  INFO 7556 --- [main] s.w.s.m.m.a.RequestMappingHandlerMapping : Mapped "{[/user/login],methods=[GET]}" onto public com.hank_01.edu.common.response.EduResponse com.hank_01.edu.controller.UserController.loginByUserName(java.lang.String,java.lang.String)
2018-03-20 20:02:36.380  INFO 7556 --- [main] s.w.s.m.m.a.RequestMappingHandlerMapping : Mapped "{[/user/register],methods=[POST]}" onto public com.hank_01.edu.common.response.EduResponse com.hank_01.edu.controller.UserController.registerUser(com.hank_01.edu.request.UserRequest)
2018-03-20 20:02:36.383  INFO 7556 --- [main] s.w.s.m.m.a.RequestMappingHandlerMapping : Mapped "{[/error]}" onto public org.springframework.http.ResponseEntity<java.util.Map<java.lang.String, java.lang.Object>> org.springframework.boot.autoconfigure.web.servlet.error.BasicErrorController.error(javax.servlet.http.HttpServletRequest)
2018-03-20 20:02:36.384  INFO 7556 --- [main] s.w.s.m.m.a.RequestMappingHandlerMapping : Mapped "{[/error],produces=[text/html]}" onto public org.springframework.web.servlet.ModelAndView org.springframework.boot.autoconfigure.web.servlet.error.BasicErrorController.errorHtml(javax.servlet.http.HttpServletRequest,javax.servlet.http.HttpServletResponse)
2018-03-20 20:02:36.514  INFO 7556 --- [main] o.s.w.s.handler.SimpleUrlHandlerMapping  : Mapped URL path [/webjars/**] onto handler of type [class org.springframework.web.servlet.resource.ResourceHttpRequestHandler]
2018-03-20 20:02:36.514  INFO 7556 --- [main] o.s.w.s.handler.SimpleUrlHandlerMapping  : Mapped URL path [/**] onto handler of type [class org.springframework.web.servlet.resource.ResourceHttpRequestHandler]
2018-03-20 20:02:36.539  INFO 7556 --- [main] .m.m.a.ExceptionHandlerExceptionResolver : Detected @ExceptionHandler methods in globalExceptionHandler
2018-03-20 20:02:36.572  INFO 7556 --- [main] o.s.w.s.handler.SimpleUrlHandlerMapping  : Mapped URL path [/**/favicon.ico] onto handler of type [class org.springframework.web.servlet.resource.ResourceHttpRequestHandler]
2018-03-20 20:02:36.611  WARN 7556 --- [main] ion$DefaultTemplateResolverConfiguration : Cannot find template location: classpath:/templates/ (please add some templates or check your Thymeleaf configuration)
2018-03-20 20:02:37.036  INFO 7556 --- [main] o.s.j.e.a.AnnotationMBeanExporter        : Registering beans for JMX exposure on startup
2018-03-20 20:02:37.037  INFO 7556 --- [main] o.s.j.e.a.AnnotationMBeanExporter        : Bean with name 'dataSource' has been autodetected for JMX exposure
2018-03-20 20:02:37.043  INFO 7556 --- [main] o.s.j.e.a.AnnotationMBeanExporter        : Located MBean 'dataSource': registering with JMX server as MBean [com.zaxxer.hikari:name=dataSource,type=HikariDataSource]
2018-03-20 20:02:37.077  INFO 7556 --- [main] o.s.b.w.embedded.tomcat.TomcatWebServer  : Tomcat started on port(s): 9999 (http) with context path ''
2018-03-20 20:02:37.080  INFO 7556 --- [main] com.hank_01.edu.EduApplication           : Started EduApplication in 3.452 seconds (JVM running for 4.277)
2018-03-20 20:07:36.329  INFO 12216 --- [main] com.hank_01.edu.EduApplication           : Starting EduApplication on DESKTOP-AV05D6H with PID 12216 (F:\IdeaWorkSpace\edu\target\classes started by 10351 in F:\IdeaWorkSpace\edu)
2018-03-20 20:07:36.332  INFO 12216 --- [main] com.hank_01.edu.EduApplication           : No active profile set, falling back to default profiles: default
2018-03-20 20:07:36.392  INFO 12216 --- [main] ConfigServletWebServerApplicationContext : Refreshing org.springframework.boot.web.servlet.context.AnnotationConfigServletWebServerApplicationContext@5c44c582: startup date [Tue Mar 20 20:07:36 CST 2018]; root of context hierarchy
2018-03-20 20:07:37.501  INFO 12216 --- [main] o.s.b.w.embedded.tomcat.TomcatWebServer  : Tomcat initialized with port(s): 9999 (http)
2018-03-20 20:07:37.522  INFO 12216 --- [main] o.apache.catalina.core.StandardService   : Starting service [Tomcat]
2018-03-20 20:07:37.523  INFO 12216 --- [main] org.apache.catalina.core.StandardEngine  : Starting Servlet Engine: Apache Tomcat/8.5.28
2018-03-20 20:07:37.527  INFO 12216 --- [localhost-startStop-1] o.a.catalina.core.AprLifecycleListener   : The APR based Apache Tomcat Native library which allows optimal performance in production environments was not found on the java.library.path: [C:\Program Files\Java\jdk1.8.0_51\bin;C:\Windows\Sun\Java\bin;C:\Windows\system32;C:\Windows;C:\ProgramData\Oracle\Java\javapath;C:\Windows\system32;C:\Windows;C:\Windows\System32\Wbem;C:\Windows\System32\WindowsPowerShell\v1.0\;E:\Maven\apache-maven-3.5.2\bin;\Program Files\MySQL\MySQL Utilities 1.6\;C:\Program Files\Java\jdk1.8.0_51\bin;C:\Program Files\Java\jdk1.8.0_51\jre\bin;C:\Program Files\nodejs\;E:\Git\cmd;C:\Users\10351\AppData\Local\Microsoft\WindowsApps;C:\Users\10351\AppData\Roaming\npm;E:\Microsoft VS Code\bin;.]
2018-03-20 20:07:37.625  INFO 12216 --- [localhost-startStop-1] o.a.c.c.C.[Tomcat].[localhost].[/]       : Initializing Spring embedded WebApplicationContext
2018-03-20 20:07:37.626  INFO 12216 --- [localhost-startStop-1] o.s.web.context.ContextLoader            : Root WebApplicationContext: initialization completed in 1235 ms
2018-03-20 20:07:37.756  INFO 12216 --- [localhost-startStop-1] o.s.b.w.servlet.ServletRegistrationBean  : Servlet dispatcherServlet mapped to [/]
2018-03-20 20:07:37.761  INFO 12216 --- [localhost-startStop-1] o.s.b.w.servlet.FilterRegistrationBean   : Mapping filter: 'characterEncodingFilter' to: [/*]
2018-03-20 20:07:37.761  INFO 12216 --- [localhost-startStop-1] o.s.b.w.servlet.FilterRegistrationBean   : Mapping filter: 'hiddenHttpMethodFilter' to: [/*]
2018-03-20 20:07:37.761  INFO 12216 --- [localhost-startStop-1] o.s.b.w.servlet.FilterRegistrationBean   : Mapping filter: 'httpPutFormContentFilter' to: [/*]
2018-03-20 20:07:37.762  INFO 12216 --- [localhost-startStop-1] o.s.b.w.servlet.FilterRegistrationBean   : Mapping filter: 'requestContextFilter' to: [/*]
2018-03-20 20:07:38.433  INFO 12216 --- [main] s.w.s.m.m.a.RequestMappingHandlerAdapter : Looking for @ControllerAdvice: org.springframework.boot.web.servlet.context.AnnotationConfigServletWebServerApplicationContext@5c44c582: startup date [Tue Mar 20 20:07:36 CST 2018]; root of context hierarchy
2018-03-20 20:07:38.498  INFO 12216 --- [main] s.w.s.m.m.a.RequestMappingHandlerMapping : Mapped "{[/user/{id}],methods=[GET]}" onto public com.hank_01.edu.common.response.EduResponse com.hank_01.edu.controller.UserController.findUserByCondition(java.lang.Long,java.lang.String)
2018-03-20 20:07:38.499  INFO 12216 --- [main] s.w.s.m.m.a.RequestMappingHandlerMapping : Mapped "{[/user/login],methods=[GET]}" onto public com.hank_01.edu.common.response.EduResponse com.hank_01.edu.controller.UserController.loginByUserName(java.lang.String,java.lang.String)
2018-03-20 20:07:38.500  INFO 12216 --- [main] s.w.s.m.m.a.RequestMappingHandlerMapping : Mapped "{[/user/register],methods=[POST]}" onto public com.hank_01.edu.common.response.EduResponse com.hank_01.edu.controller.UserController.registerUser(com.hank_01.edu.request.UserRequest)
2018-03-20 20:07:38.504  INFO 12216 --- [main] s.w.s.m.m.a.RequestMappingHandlerMapping : Mapped "{[/error]}" onto public org.springframework.http.ResponseEntity<java.util.Map<java.lang.String, java.lang.Object>> org.springframework.boot.autoconfigure.web.servlet.error.BasicErrorController.error(javax.servlet.http.HttpServletRequest)
2018-03-20 20:07:38.504  INFO 12216 --- [main] s.w.s.m.m.a.RequestMappingHandlerMapping : Mapped "{[/error],produces=[text/html]}" onto public org.springframework.web.servlet.ModelAndView org.springframework.boot.autoconfigure.web.servlet.error.BasicErrorController.errorHtml(javax.servlet.http.HttpServletRequest,javax.servlet.http.HttpServletResponse)
2018-03-20 20:07:38.631  INFO 12216 --- [main] o.s.w.s.handler.SimpleUrlHandlerMapping  : Mapped URL path [/webjars/**] onto handler of type [class org.springframework.web.servlet.resource.ResourceHttpRequestHandler]
2018-03-20 20:07:38.631  INFO 12216 --- [main] o.s.w.s.handler.SimpleUrlHandlerMapping  : Mapped URL path [/**] onto handler of type [class org.springframework.web.servlet.resource.ResourceHttpRequestHandler]
2018-03-20 20:07:38.652  INFO 12216 --- [main] .m.m.a.ExceptionHandlerExceptionResolver : Detected @ExceptionHandler methods in globalExceptionHandler
2018-03-20 20:07:38.686  INFO 12216 --- [main] o.s.w.s.handler.SimpleUrlHandlerMapping  : Mapped URL path [/**/favicon.ico] onto handler of type [class org.springframework.web.servlet.resource.ResourceHttpRequestHandler]
2018-03-20 20:07:38.733  WARN 12216 --- [main] ion$DefaultTemplateResolverConfiguration : Cannot find template location: classpath:/templates/ (please add some templates or check your Thymeleaf configuration)
2018-03-20 20:07:39.120  INFO 12216 --- [main] o.s.j.e.a.AnnotationMBeanExporter        : Registering beans for JMX exposure on startup
2018-03-20 20:07:39.123  INFO 12216 --- [main] o.s.j.e.a.AnnotationMBeanExporter        : Bean with name 'dataSource' has been autodetected for JMX exposure
2018-03-20 20:07:39.128  INFO 12216 --- [main] o.s.j.e.a.AnnotationMBeanExporter        : Located MBean 'dataSource': registering with JMX server as MBean [com.zaxxer.hikari:name=dataSource,type=HikariDataSource]
2018-03-20 20:07:39.165  INFO 12216 --- [main] o.s.b.w.embedded.tomcat.TomcatWebServer  : Tomcat started on port(s): 9999 (http) with context path ''
2018-03-20 20:07:39.169  INFO 12216 --- [main] com.hank_01.edu.EduApplication           : Started EduApplication in 3.38 seconds (JVM running for 4.423)
2018-03-20 20:07:51.739  INFO 12216 --- [http-nio-9999-exec-2] o.a.c.c.C.[Tomcat].[localhost].[/]       : Initializing Spring FrameworkServlet 'dispatcherServlet'
2018-03-20 20:07:51.739  INFO 12216 --- [http-nio-9999-exec-2] o.s.web.servlet.DispatcherServlet        : FrameworkServlet 'dispatcherServlet': initialization started
2018-03-20 20:07:51.759  INFO 12216 --- [http-nio-9999-exec-2] o.s.web.servlet.DispatcherServlet        : FrameworkServlet 'dispatcherServlet': initialization completed in 19 ms
2018-03-20 20:07:51.817  INFO 12216 --- [http-nio-9999-exec-2] com.zaxxer.hikari.HikariDataSource       : HikariPool-1 - Starting...
2018-03-20 20:07:51.980  INFO 12216 --- [http-nio-9999-exec-2] com.zaxxer.hikari.HikariDataSource       : HikariPool-1 - Start completed.
2018-03-20 20:10:14.485  INFO 3528 --- [main] com.hank_01.edu.EduApplication           : Starting EduApplication on DESKTOP-AV05D6H with PID 3528 (F:\IdeaWorkSpace\edu\target\classes started by 10351 in F:\IdeaWorkSpace\edu)
2018-03-20 20:10:14.487  INFO 3528 --- [main] com.hank_01.edu.EduApplication           : No active profile set, falling back to default profiles: default
2018-03-20 20:10:14.552  INFO 3528 --- [main] ConfigServletWebServerApplicationContext : Refreshing org.springframework.boot.web.servlet.context.AnnotationConfigServletWebServerApplicationContext@2ef14fe: startup date [Tue Mar 20 20:10:14 CST 2018]; root of context hierarchy
2018-03-20 20:10:15.754  INFO 3528 --- [main] o.s.b.w.embedded.tomcat.TomcatWebServer  : Tomcat initialized with port(s): 9999 (http)
2018-03-20 20:10:15.777  INFO 3528 --- [main] o.apache.catalina.core.StandardService   : Starting service [Tomcat]
2018-03-20 20:10:15.777  INFO 3528 --- [main] org.apache.catalina.core.StandardEngine  : Starting Servlet Engine: Apache Tomcat/8.5.28
2018-03-20 20:10:15.781  INFO 3528 --- [localhost-startStop-1] o.a.catalina.core.AprLifecycleListener   : The APR based Apache Tomcat Native library which allows optimal performance in production environments was not found on the java.library.path: [C:\Program Files\Java\jdk1.8.0_51\bin;C:\Windows\Sun\Java\bin;C:\Windows\system32;C:\Windows;C:\ProgramData\Oracle\Java\javapath;C:\Windows\system32;C:\Windows;C:\Windows\System32\Wbem;C:\Windows\System32\WindowsPowerShell\v1.0\;E:\Maven\apache-maven-3.5.2\bin;\Program Files\MySQL\MySQL Utilities 1.6\;C:\Program Files\Java\jdk1.8.0_51\bin;C:\Program Files\Java\jdk1.8.0_51\jre\bin;C:\Program Files\nodejs\;E:\Git\cmd;C:\Users\10351\AppData\Local\Microsoft\WindowsApps;C:\Users\10351\AppData\Roaming\npm;E:\Microsoft VS Code\bin;.]
2018-03-20 20:10:15.898  INFO 3528 --- [localhost-startStop-1] o.a.c.c.C.[Tomcat].[localhost].[/]       : Initializing Spring embedded WebApplicationContext
2018-03-20 20:10:15.898  INFO 3528 --- [localhost-startStop-1] o.s.web.context.ContextLoader            : Root WebApplicationContext: initialization completed in 1346 ms
2018-03-20 20:10:16.031  INFO 3528 --- [localhost-startStop-1] o.s.b.w.servlet.ServletRegistrationBean  : Servlet dispatcherServlet mapped to [/]
2018-03-20 20:10:16.036  INFO 3528 --- [localhost-startStop-1] o.s.b.w.servlet.FilterRegistrationBean   : Mapping filter: 'characterEncodingFilter' to: [/*]
2018-03-20 20:10:16.036  INFO 3528 --- [localhost-startStop-1] o.s.b.w.servlet.FilterRegistrationBean   : Mapping filter: 'hiddenHttpMethodFilter' to: [/*]
2018-03-20 20:10:16.037  INFO 3528 --- [localhost-startStop-1] o.s.b.w.servlet.FilterRegistrationBean   : Mapping filter: 'httpPutFormContentFilter' to: [/*]
2018-03-20 20:10:16.037  INFO 3528 --- [localhost-startStop-1] o.s.b.w.servlet.FilterRegistrationBean   : Mapping filter: 'requestContextFilter' to: [/*]
2018-03-20 20:10:16.648  INFO 3528 --- [main] s.w.s.m.m.a.RequestMappingHandlerAdapter : Looking for @ControllerAdvice: org.springframework.boot.web.servlet.context.AnnotationConfigServletWebServerApplicationContext@2ef14fe: startup date [Tue Mar 20 20:10:14 CST 2018]; root of context hierarchy
2018-03-20 20:10:16.718  INFO 3528 --- [main] s.w.s.m.m.a.RequestMappingHandlerMapping : Mapped "{[/user/{id}],methods=[GET]}" onto public com.hank_01.edu.common.response.EduResponse com.hank_01.edu.controller.UserController.findUserByCondition(java.lang.Long,java.lang.String)
2018-03-20 20:10:16.719  INFO 3528 --- [main] s.w.s.m.m.a.RequestMappingHandlerMapping : Mapped "{[/user/login],methods=[GET]}" onto public com.hank_01.edu.common.response.EduResponse com.hank_01.edu.controller.UserController.loginByUserName(java.lang.String,java.lang.String)
2018-03-20 20:10:16.720  INFO 3528 --- [main] s.w.s.m.m.a.RequestMappingHandlerMapping : Mapped "{[/user/register],methods=[POST]}" onto public com.hank_01.edu.common.response.EduResponse com.hank_01.edu.controller.UserController.registerUser(com.hank_01.edu.request.UserRequest)
2018-03-20 20:10:16.723  INFO 3528 --- [main] s.w.s.m.m.a.RequestMappingHandlerMapping : Mapped "{[/error]}" onto public org.springframework.http.ResponseEntity<java.util.Map<java.lang.String, java.lang.Object>> org.springframework.boot.autoconfigure.web.servlet.error.BasicErrorController.error(javax.servlet.http.HttpServletRequest)
2018-03-20 20:10:16.723  INFO 3528 --- [main] s.w.s.m.m.a.RequestMappingHandlerMapping : Mapped "{[/error],produces=[text/html]}" onto public org.springframework.web.servlet.ModelAndView org.springframework.boot.autoconfigure.web.servlet.error.BasicErrorController.errorHtml(javax.servlet.http.HttpServletRequest,javax.servlet.http.HttpServletResponse)
2018-03-20 20:10:16.859  INFO 3528 --- [main] o.s.w.s.handler.SimpleUrlHandlerMapping  : Mapped URL path [/webjars/**] onto handler of type [class org.springframework.web.servlet.resource.ResourceHttpRequestHandler]
2018-03-20 20:10:16.859  INFO 3528 --- [main] o.s.w.s.handler.SimpleUrlHandlerMapping  : Mapped URL path [/**] onto handler of type [class org.springframework.web.servlet.resource.ResourceHttpRequestHandler]
2018-03-20 20:10:16.886  INFO 3528 --- [main] .m.m.a.ExceptionHandlerExceptionResolver : Detected @ExceptionHandler methods in globalExceptionHandler
2018-03-20 20:10:16.927  INFO 3528 --- [main] o.s.w.s.handler.SimpleUrlHandlerMapping  : Mapped URL path [/**/favicon.ico] onto handler of type [class org.springframework.web.servlet.resource.ResourceHttpRequestHandler]
2018-03-20 20:10:16.971  WARN 3528 --- [main] ion$DefaultTemplateResolverConfiguration : Cannot find template location: classpath:/templates/ (please add some templates or check your Thymeleaf configuration)
2018-03-20 20:10:17.377  INFO 3528 --- [main] o.s.j.e.a.AnnotationMBeanExporter        : Registering beans for JMX exposure on startup
2018-03-20 20:10:17.379  INFO 3528 --- [main] o.s.j.e.a.AnnotationMBeanExporter        : Bean with name 'dataSource' has been autodetected for JMX exposure
2018-03-20 20:10:17.386  INFO 3528 --- [main] o.s.j.e.a.AnnotationMBeanExporter        : Located MBean 'dataSource': registering with JMX server as MBean [com.zaxxer.hikari:name=dataSource,type=HikariDataSource]
2018-03-20 20:10:17.421  INFO 3528 --- [main] o.s.b.w.embedded.tomcat.TomcatWebServer  : Tomcat started on port(s): 9999 (http) with context path ''
2018-03-20 20:10:17.425  INFO 3528 --- [main] com.hank_01.edu.EduApplication           : Started EduApplication in 3.463 seconds (JVM running for 4.23)
2018-03-20 20:10:23.841  INFO 3528 --- [http-nio-9999-exec-1] o.a.c.c.C.[Tomcat].[localhost].[/]       : Initializing Spring FrameworkServlet 'dispatcherServlet'
2018-03-20 20:10:23.841  INFO 3528 --- [http-nio-9999-exec-1] o.s.web.servlet.DispatcherServlet        : FrameworkServlet 'dispatcherServlet': initialization started
2018-03-20 20:10:23.859  INFO 3528 --- [http-nio-9999-exec-1] o.s.web.servlet.DispatcherServlet        : FrameworkServlet 'dispatcherServlet': initialization completed in 18 ms
2018-03-20 20:10:23.916  INFO 3528 --- [http-nio-9999-exec-1] com.zaxxer.hikari.HikariDataSource       : HikariPool-1 - Starting...
2018-03-20 20:10:24.086  INFO 3528 --- [http-nio-9999-exec-1] com.zaxxer.hikari.HikariDataSource       : HikariPool-1 - Start completed.
2018-03-20 20:10:24.128  INFO 3528 --- [http-nio-9999-exec-1] c.h.edu.service.impl.UserServiceImpl     : 已找到。。。。。。。。。
2018-03-20 20:10:34.376  INFO 3528 --- [http-nio-9999-exec-3] c.h.edu.service.impl.UserServiceImpl     : 已找到。。。。。。。。。
